<?xml version="1.0" encoding="UTF-8"?>
<!-- Generated by org.testng.reporters.JUnitReportReporter -->
<testsuite hostname="DESKTOP-EUH2O3V" failures="0" tests="1" name="restassuredscripts.LoggingUser" time="1.766" errors="0" timestamp="2023-12-19T18:04:31 IST" skipped="0">
  <testcase classname="restassuredscripts.LoggingUser" name="Logging_Request" time="1.766"/>
  <system-out/>
</testsuite> <!-- restassuredscripts.LoggingUser -->
