<?xml version="1.0" encoding="UTF-8"?>
<!-- Generated by org.testng.reporters.JUnitReportReporter -->
<testsuite hostname="DESKTOP-EUH2O3V" failures="0" tests="1" name="restassuredscripts.registerUser" time="1.990" errors="0" timestamp="2023-12-19T17:54:49 IST" skipped="0">
  <testcase classname="restassuredscripts.registerUser" name="registerUser" time="1.990"/>
  <system-out/>
</testsuite> <!-- restassuredscripts.registerUser -->
