<?xml version="1.0" encoding="UTF-8"?>
<!-- Generated by org.testng.reporters.JUnitReportReporter -->
<testsuite hostname="DESKTOP-EUH2O3V" failures="0" tests="1" name="restassuredscripts.Script007HamcrestValidateMethods" time="3.375" errors="0" timestamp="2023-12-18T11:44:07 IST" skipped="0">
  <testcase classname="restassuredscripts.Script007HamcrestValidateMethods" name="ValidateResponseBody_hasItems" time="3.375"/>
  <system-out/>
</testsuite> <!-- restassuredscripts.Script007HamcrestValidateMethods -->
