<?xml version="1.0" encoding="UTF-8"?>
<!-- Generated by org.testng.reporters.JUnitReportReporter -->
<testsuite hostname="DESKTOP-EUH2O3V" failures="0" tests="1" name="courseEndProject.Log4jDemo" time="0.014" errors="0" timestamp="2023-12-19T14:20:32 IST" skipped="0">
  <testcase classname="courseEndProject.Log4jDemo" name="method1" time="0.014"/>
  <system-out/>
</testsuite> <!-- courseEndProject.Log4jDemo -->
