<?xml version="1.0" encoding="UTF-8"?>
<!-- Generated by org.testng.reporters.JUnitReportReporter -->
<testsuite hostname="DESKTOP-EUH2O3V" failures="0" tests="1" name="restassuredscripts.Script006PostmanAPIKey" time="3.093" errors="0" timestamp="2023-12-18T15:11:58 IST" skipped="0">
  <testcase classname="restassuredscripts.Script006PostmanAPIKey" name="postmangetReq" time="3.093"/>
  <system-out/>
</testsuite> <!-- restassuredscripts.Script006PostmanAPIKey -->
