<?xml version="1.0" encoding="UTF-8"?>
<!-- Generated by org.testng.reporters.JUnitReportReporter -->
<testsuite hostname="DESKTOP-EUH2O3V" failures="0" tests="2" name="restassuredscripts.Script009PayPalOauth2" time="4.415" errors="0" timestamp="2023-12-18T15:49:55 IST" skipped="0">
  <testcase classname="restassuredscripts.Script009PayPalOauth2" name="GetAccessToken" time="3.851"/>
  <system-out/>
  <testcase classname="restassuredscripts.Script009PayPalOauth2" name="paypalTestInvoiceAPI" time="0.564"/>
  <system-out/>
</testsuite> <!-- restassuredscripts.Script009PayPalOauth2 -->
