<?xml version="1.0" encoding="UTF-8"?>
<!-- Generated by org.testng.reporters.JUnitReportReporter -->
<testsuite hostname="DESKTOP-EUH2O3V" failures="0" tests="1" name="restassuredscripts.GetUser" time="1.569" errors="0" timestamp="2023-12-19T17:58:53 IST" skipped="0">
  <testcase classname="restassuredscripts.GetUser" name="getUsers" time="1.569"/>
  <system-out/>
</testsuite> <!-- restassuredscripts.GetUser -->
