<?xml version="1.0" encoding="UTF-8"?>
<!-- Generated by org.testng.reporters.JUnitReportReporter -->
<testsuite hostname="DESKTOP-EUH2O3V" failures="0" tests="1" name="restassuredscripts.Script001SetupCheck" time="1.858" errors="0" timestamp="2023-12-15T10:35:25 IST" skipped="0">
  <testcase classname="restassuredscripts.Script001SetupCheck" name="setupCheck" time="1.858"/>
  <system-out/>
</testsuite> <!-- restassuredscripts.Script001SetupCheck -->
