<?xml version="1.0" encoding="UTF-8"?>
<!-- Generated by org.testng.reporters.JUnitReportReporter -->
<testsuite hostname="DESKTOP-EUH2O3V" failures="0" tests="1" name="restassuredscripts.Script008GitHubBearerToken" time="1.696" errors="0" timestamp="2023-12-18T11:32:53 IST" skipped="0">
  <testcase classname="restassuredscripts.Script008GitHubBearerToken" name="Authorization_bearertoken_specificRepo" time="1.696"/>
  <system-out/>
</testsuite> <!-- restassuredscripts.Script008GitHubBearerToken -->
