<?xml version="1.0" encoding="UTF-8"?>
<!-- Generated by org.testng.reporters.JUnitReportReporter -->
<testsuite hostname="DESKTOP-EUH2O3V" failures="0" tests="1" name="restassuredscripts.LoginUser" time="1.946" errors="0" timestamp="2023-12-19T18:01:04 IST" skipped="0">
  <testcase classname="restassuredscripts.LoginUser" name="Login_User" time="1.946"/>
  <system-out/>
</testsuite> <!-- restassuredscripts.LoginUser -->
