<?xml version="1.0" encoding="UTF-8"?>
<!-- Generated by org.testng.reporters.JUnitReportReporter -->
<testsuite hostname="DESKTOP-EUH2O3V" failures="0" tests="1" name="restassuredscripts.Script012_SSLAuthentication" time="3.077" errors="0" timestamp="2023-12-19T14:15:10 IST" skipped="0">
  <testcase classname="restassuredscripts.Script012_SSLAuthentication" name="SSL_Authentication" time="3.077"/>
  <system-out/>
</testsuite> <!-- restassuredscripts.Script012_SSLAuthentication -->
