<?xml version="1.0" encoding="UTF-8"?>
<!-- Generated by org.testng.reporters.JUnitReportReporter -->
<testsuite hostname="DESKTOP-EUH2O3V" failures="0" tests="3" name="restassuredscripts.Script002GetMethod" time="2.101" errors="0" timestamp="2023-12-15T11:45:30 IST" skipped="2">
  <testcase classname="restassuredscripts.Script002GetMethod" name="GetMethodBDDStyle" time="2.101"/>
  <system-out/>
  <testcase classname="restassuredscripts.Script002GetMethod" name="httpGetMethod">
    <skipped/>
  </testcase> <!-- httpGetMethod -->
  <system-out/>
  <testcase classname="restassuredscripts.Script002GetMethod" name="httpGetMethodCopy">
    <skipped/>
  </testcase> <!-- httpGetMethodCopy -->
  <system-out/>
</testsuite> <!-- restassuredscripts.Script002GetMethod -->
