<?xml version="1.0" encoding="UTF-8"?>
<!-- Generated by org.testng.reporters.JUnitReportReporter -->
<testsuite hostname="DESKTOP-EUH2O3V" failures="0" tests="1" name="restassuredscripts.Script005PayloadXML" time="3.468" errors="0" timestamp="2023-12-15T13:04:36 IST" skipped="0">
  <testcase classname="restassuredscripts.Script005PayloadXML" name="payloadXML" time="3.468"/>
  <system-out/>
</testsuite> <!-- restassuredscripts.Script005PayloadXML -->
